
Gurobi 7.0.2 (win64, Python) logging started 09/01/17 15:42:07


Gurobi 7.0.2 (win64, Python) logging started 09/01/17 15:42:44


Gurobi 7.0.2 (win64, Python) logging started 09/01/17 15:43:27


Gurobi 7.0.2 (win64, Python) logging started 09/01/17 15:43:34


Gurobi 7.0.2 (win64, Python) logging started 09/01/17 15:44:31


Gurobi 7.0.2 (win64, Python) logging started 09/01/17 15:47:54


Gurobi 7.0.2 (win64, Python) logging started 09/01/17 15:48:27


Gurobi 7.0.2 (win64, Python) logging started 09/01/17 15:48:39


Gurobi 7.0.2 (win64, Python) logging started 09/01/17 15:56:55


Gurobi 7.0.2 (win64, Python) logging started 09/01/17 18:24:26


Gurobi 7.0.2 (win64, Python) logging started 09/01/17 18:25:35


Gurobi 7.0.2 (win64, Python) logging started 09/01/17 18:25:54


Gurobi 7.0.2 (win64, Python) logging started 09/01/17 18:26:38


Gurobi 7.0.2 (win64, Python) logging started 09/01/17 18:26:45


Gurobi 7.0.2 (win64, Python) logging started 09/01/17 18:27:08


Gurobi 7.0.2 (win64, Python) logging started 09/01/17 18:27:25


Gurobi 7.0.2 (win64, Python) logging started 09/01/17 18:27:43


Gurobi 7.0.2 (win64, Python) logging started 09/01/17 18:28:44


Gurobi 7.0.2 (win64, Python) logging started 09/01/17 18:29:39


Gurobi 7.0.2 (win64, Python) logging started 09/01/17 18:30:12


Gurobi 7.0.2 (win64, Python) logging started 09/01/17 18:33:08


Gurobi 7.0.2 (win64, Python) logging started 09/01/17 18:33:43


Gurobi 7.0.2 (win64, Python) logging started 09/01/17 18:33:56


Gurobi 7.0.2 (win64, Python) logging started 09/01/17 18:37:12


Gurobi 7.0.2 (win64, Python) logging started 09/01/17 18:37:19


Gurobi 7.0.2 (win64, Python) logging started 09/01/17 18:37:33


Gurobi 7.0.2 (win64, Python) logging started 09/01/17 18:51:34


Gurobi 7.0.2 (win64, Python) logging started 09/01/17 18:54:45


Gurobi 7.0.2 (win64, Python) logging started 09/01/17 18:55:01


Gurobi 7.0.2 (win64, Python) logging started 09/01/17 18:59:13

Optimize a model with 7 rows, 15 columns and 24 nonzeros
Variable types: 0 continuous, 15 integer (0 binary)
Coefficient statistics:
  Matrix range     [1e+00, 1e+00]
  Objective range  [1e+02, 2e+03]
  Bounds range     [0e+00, 0e+00]
  RHS range        [1e+00, 5e+02]
Found heuristic solution: objective 5098.24
Presolve removed 7 rows and 15 columns
Presolve time: 0.01s
Presolve: All rows and columns removed

Explored 0 nodes (0 simplex iterations) in 0.01 seconds
Thread count was 1 (of 8 available processors)

Solution count 1: 2085.97 
Pool objective bound 2085.97

Optimal solution found (tolerance 1.00e-04)
Best objective 2.085965004500e+03, best bound 2.085965004500e+03, gap 0.0000%

Gurobi 7.0.2 (win64, Python) logging started 09/01/17 18:59:27

Optimize a model with 1100 rows, 100100 columns and 200000 nonzeros
Variable types: 0 continuous, 100100 integer (0 binary)
Coefficient statistics:
  Matrix range     [1e+00, 1e+00]
  Objective range  [5e+01, 2e+06]
  Bounds range     [0e+00, 0e+00]
  RHS range        [1e+00, 8e+03]
Found heuristic solution: objective 3.48194e+07
Presolve removed 1100 rows and 100100 columns
Presolve time: 0.12s
Presolve: All rows and columns removed

Explored 0 nodes (0 simplex iterations) in 0.15 seconds
Thread count was 1 (of 8 available processors)

Solution count 1: 7.50186e+06 
Pool objective bound 7.50186e+06

Optimal solution found (tolerance 1.00e-04)
Best objective 7.501856399349e+06, best bound 7.501856399349e+06, gap 0.0000%

Gurobi 7.0.2 (win64, Python) logging started 09/01/17 19:00:49


Gurobi 7.0.2 (win64, Python) logging started 09/01/17 19:00:56


Gurobi 7.0.2 (win64, Python) logging started 09/01/17 19:01:15


Gurobi 7.0.2 (win64, Python) logging started 09/01/17 19:01:17


Gurobi 7.0.2 (win64, Python) logging started 09/01/17 19:01:17

Optimize a model with 2500 rows, 1501000 columns and 3000000 nonzeros
Variable types: 0 continuous, 1501000 integer (0 binary)
Coefficient statistics:
  Matrix range     [1e+00, 1e+00]
  Objective range  [4e+01, 3e+05]
  Bounds range     [0e+00, 0e+00]
  RHS range        [1e+00, 7e+03]
Found heuristic solution: objective 1.5592e+08
Presolve removed 1000 rows and 1000 columns (presolve time = 9s) ...
Presolve removed 2500 rows and 1501000 columns
Presolve time: 9.61s
Presolve: All rows and columns removed

Explored 0 nodes (0 simplex iterations) in 10.04 seconds
Thread count was 1 (of 8 available processors)

Solution count 1: 4.84595e+06 
Pool objective bound 4.84595e+06

Optimal solution found (tolerance 1.00e-04)
Best objective 4.845954422340e+06, best bound 4.845954422340e+06, gap 0.0000%
Optimize a model with 2500 rows, 1501000 columns and 3000000 nonzeros
Variable types: 0 continuous, 1501000 integer (0 binary)
Coefficient statistics:
  Matrix range     [1e+00, 1e+00]
  Objective range  [4e+01, 3e+05]
  Bounds range     [0e+00, 0e+00]
  RHS range        [1e+00, 7e+03]
Found heuristic solution: objective 1.5592e+08
Presolve removed 1000 rows and 1000 columns (presolve time = 7s) ...
Presolve removed 2500 rows and 1501000 columns
Presolve time: 7.56s
Presolve: All rows and columns removed

Explored 0 nodes (0 simplex iterations) in 7.92 seconds
Thread count was 1 (of 8 available processors)

Solution count 1: 4.84595e+06 
Pool objective bound 4.84595e+06

Optimal solution found (tolerance 1.00e-04)
Best objective 4.845954422340e+06, best bound 4.845954422340e+06, gap 0.0000%
Optimize a model with 2500 rows, 1501000 columns and 3000000 nonzeros
Variable types: 0 continuous, 1501000 integer (0 binary)
Coefficient statistics:
  Matrix range     [1e+00, 1e+00]
  Objective range  [4e+01, 3e+05]
  Bounds range     [0e+00, 0e+00]
  RHS range        [1e+00, 7e+03]
Optimize a model with 2500 rows, 1501000 columns and 3000000 nonzeros
Variable types: 0 continuous, 1501000 integer (0 binary)
Coefficient statistics:
  Matrix range     [1e+00, 1e+00]
  Objective range  [4e+01, 3e+05]
  Bounds range     [0e+00, 0e+00]
  RHS range        [1e+00, 7e+03]
Found heuristic solution: objective 1.5592e+08
Found heuristic solution: objective 1.5592e+08
Presolve removed 1000 rows and 1000 columns (presolve time = 7s) ...
Presolve removed 1000 rows and 1000 columns (presolve time = 7s) ...
Presolve removed 2500 rows and 1501000 columns
Presolve time: 7.18s
Presolve: All rows and columns removed

Explored 0 nodes (0 simplex iterations) in 7.60 seconds
Thread count was 1 (of 8 available processors)

Solution count 1: 4.84595e+06 
Pool objective bound 4.84595e+06

Optimal solution found (tolerance 1.00e-04)
Presolve removed 2500 rows and 1501000 columns
Presolve time: 7.57s
Presolve: All rows and columns removed
Best objective 4.845954422340e+06, best bound 4.845954422340e+06, gap 0.0000%

Explored 0 nodes (0 simplex iterations) in 7.91 seconds
Thread count was 1 (of 8 available processors)

Solution count 1: 4.84595e+06 
Pool objective bound 4.84595e+06

Optimal solution found (tolerance 1.00e-04)
Best objective 4.845954422340e+06, best bound 4.845954422340e+06, gap 0.0000%

Gurobi 7.0.2 (win64, Python) logging started 09/01/17 20:23:28


Gurobi 7.0.2 (win64, Python) logging started 09/01/17 20:24:18

Optimize a model with 1100 rows, 100100 columns and 200000 nonzeros
Variable types: 0 continuous, 100100 integer (0 binary)
Coefficient statistics:
  Matrix range     [1e+00, 1e+02]
  Objective range  [5e+01, 2e+06]
  Bounds range     [0e+00, 0e+00]
  RHS range        [1e+00, 8e+03]
Found heuristic solution: objective 3.48194e+07
Presolve removed 0 rows and 100 columns
Presolve time: 0.31s
Presolved: 1100 rows, 100000 columns, 200000 nonzeros
Variable types: 0 continuous, 100000 integer (100000 binary)

Root relaxation: objective 7.501856e+06, 1000 iterations, 0.03 seconds

    Nodes    |    Current Node    |     Objective Bounds      |     Work
 Expl Unexpl |  Obj  Depth IntInf | Incumbent    BestBd   Gap | It/Node Time

*    0     0               0    7501856.3993 7501856.40  0.00%     -    0s

Explored 0 nodes (1000 simplex iterations) in 0.53 seconds
Thread count was 8 (of 8 available processors)

Solution count 2: 7.50186e+06 3.48194e+07 
Pool objective bound 7.50186e+06

Optimal solution found (tolerance 1.00e-04)
Best objective 7.501856399349e+06, best bound 7.501856399349e+06, gap 0.0000%

Gurobi 7.0.2 (win64, Python) logging started 09/01/17 20:24:59

Optimize a model with 2500 rows, 1501000 columns and 3000000 nonzeros
Variable types: 0 continuous, 1501000 integer (0 binary)
Coefficient statistics:
  Matrix range     [1e+00, 2e+03]
  Objective range  [4e+01, 3e+05]
  Bounds range     [0e+00, 0e+00]
  RHS range        [1e+00, 7e+03]
Found heuristic solution: objective 1.55168e+08
Presolve removed 0 rows and 1000 columns
Presolve time: 4.92s
Presolved: 2500 rows, 1500000 columns, 3000000 nonzeros
Variable types: 0 continuous, 1500000 integer (1500000 binary)

Root simplex log...

Iteration    Objective       Primal Inf.    Dual Inf.      Time
       0    0.0000000e+00   1.500000e+03   0.000000e+00      6s

Starting sifting (using dual simplex for sub-problems)...

    Iter     Pivots    Primal Obj      Dual Obj        Time
       0          0     infinity      0.0000000e+00      6s

Sifting complete

    1593    4.9194010e+06   0.000000e+00   0.000000e+00      6s

Root relaxation: objective 4.919401e+06, 1593 iterations, 0.59 seconds

    Nodes    |    Current Node    |     Objective Bounds      |     Work
 Expl Unexpl |  Obj  Depth IntInf | Incumbent    BestBd   Gap | It/Node Time

     0     0 4919401.03    0  121 1.5517e+08 4919401.03  96.8%     -    8s
H    0     0                    4948911.8979 4919401.03  0.60%     -   10s
H    0     0                    4946373.6129 4919401.03  0.55%     -   16s
     0     0 4942821.31    0   32 4946373.61 4942821.31  0.07%     -   20s
     0     0 4942821.31    0  121 4946373.61 4942821.31  0.07%     -   28s
     0     0 4942821.31    0   32 4946373.61 4942821.31  0.07%     -   29s
     0     0 4945391.16    0   16 4946373.61 4945391.16  0.02%     -   29s
     0     0     cutoff    0      4946373.61 4946373.61  0.00%     -   30s

Cutting planes:
  Cover: 65
  MIR: 13
  StrongCG: 5

Explored 0 nodes (3383 simplex iterations) in 30.13 seconds
Thread count was 8 (of 8 available processors)

Solution count 3: 4.94637e+06 4.94891e+06 1.55168e+08 
Pool objective bound 4.94637e+06

Optimal solution found (tolerance 1.00e-04)
Best objective 4.946373612902e+06, best bound 4.946373612902e+06, gap 0.0000%

Gurobi 7.0.2 (win64, Python) logging started 09/01/17 20:26:53

Optimize a model with 2500 rows, 1501000 columns and 3000000 nonzeros
Variable types: 0 continuous, 1501000 integer (0 binary)
Coefficient statistics:
  Matrix range     [1e+00, 2e+03]
  Objective range  [4e+01, 3e+05]
  Bounds range     [0e+00, 0e+00]
  RHS range        [1e+00, 7e+03]
Found heuristic solution: objective 1.55168e+08
Presolve removed 0 rows and 1000 columns (presolve time = 5s) ...
Presolve removed 0 rows and 1000 columns
Presolve time: 5.34s
Presolved: 2500 rows, 1500000 columns, 3000000 nonzeros
Variable types: 0 continuous, 1500000 integer (1500000 binary)

Root simplex log...

Iteration    Objective       Primal Inf.    Dual Inf.      Time
       0    0.0000000e+00   1.500000e+03   0.000000e+00      6s

Starting sifting (using dual simplex for sub-problems)...

    Iter     Pivots    Primal Obj      Dual Obj        Time
       0          0     infinity      0.0000000e+00      7s

Sifting complete

    1593    4.9194010e+06   0.000000e+00   0.000000e+00      7s

Root relaxation: objective 4.919401e+06, 1593 iterations, 0.62 seconds

    Nodes    |    Current Node    |     Objective Bounds      |     Work
 Expl Unexpl |  Obj  Depth IntInf | Incumbent    BestBd   Gap | It/Node Time

     0     0 4919401.03    0  121 1.5517e+08 4919401.03  96.8%     -    8s
H    0     0                    4948911.8979 4919401.03  0.60%     -   11s
H    0     0                    4946373.6129 4919401.03  0.55%     -   17s
     0     0 4942821.31    0   32 4946373.61 4942821.31  0.07%     -   20s
     0     0 4942821.31    0  121 4946373.61 4942821.31  0.07%     -   29s
     0     0 4942821.31    0   32 4946373.61 4942821.31  0.07%     -   30s
     0     0 4945391.16    0   16 4946373.61 4945391.16  0.02%     -   30s
     0     0     cutoff    0      4946373.61 4946373.61  0.00%     -   30s

Cutting planes:
  Cover: 65
  MIR: 13
  StrongCG: 5

Explored 0 nodes (3383 simplex iterations) in 30.71 seconds
Thread count was 8 (of 8 available processors)

Solution count 3: 4.94637e+06 4.94891e+06 1.55168e+08 
Pool objective bound 4.94637e+06

Optimal solution found (tolerance 1.00e-04)
Best objective 4.946373612902e+06, best bound 4.946373612902e+06, gap 0.0000%

Gurobi 7.0.2 (win64, Python) logging started 09/01/17 20:28:03

Optimize a model with 1100 rows, 100100 columns and 200000 nonzeros
Variable types: 0 continuous, 100100 integer (0 binary)
Coefficient statistics:
  Matrix range     [1e+00, 1e+02]
  Objective range  [6e+01, 9e+05]
  Bounds range     [0e+00, 0e+00]
  RHS range        [1e+00, 5e+03]
Found heuristic solution: objective 3.61843e+07
Presolve removed 0 rows and 100 columns
Presolve time: 0.32s
Presolved: 1100 rows, 100000 columns, 200000 nonzeros
Variable types: 0 continuous, 100000 integer (100000 binary)

Root relaxation: objective 7.155449e+06, 1000 iterations, 0.03 seconds

    Nodes    |    Current Node    |     Objective Bounds      |     Work
 Expl Unexpl |  Obj  Depth IntInf | Incumbent    BestBd   Gap | It/Node Time

*    0     0               0    7155448.6548 7155448.65  0.00%     -    0s

Explored 0 nodes (1000 simplex iterations) in 0.55 seconds
Thread count was 8 (of 8 available processors)

Solution count 2: 7.15545e+06 3.61843e+07 
Pool objective bound 7.15545e+06

Optimal solution found (tolerance 1.00e-04)
Best objective 7.155448654822e+06, best bound 7.155448654822e+06, gap 0.0000%

Gurobi 7.0.2 (win64, Python) logging started 09/01/17 20:28:59

Optimize a model with 1100 rows, 100100 columns and 200000 nonzeros
Variable types: 0 continuous, 100100 integer (100100 binary)
Coefficient statistics:
  Matrix range     [1e+00, 1e+02]
  Objective range  [6e+01, 9e+05]
  Bounds range     [1e+00, 1e+00]
  RHS range        [1e+00, 5e+03]
Found heuristic solution: objective 3.61843e+07
Presolve removed 0 rows and 100 columns
Presolve time: 0.29s
Presolved: 1100 rows, 100000 columns, 200000 nonzeros
Variable types: 0 continuous, 100000 integer (100000 binary)

Root relaxation: objective 7.155449e+06, 1000 iterations, 0.02 seconds

    Nodes    |    Current Node    |     Objective Bounds      |     Work
 Expl Unexpl |  Obj  Depth IntInf | Incumbent    BestBd   Gap | It/Node Time

*    0     0               0    7155448.6548 7155448.65  0.00%     -    0s

Explored 0 nodes (1000 simplex iterations) in 0.52 seconds
Thread count was 8 (of 8 available processors)

Solution count 2: 7.15545e+06 3.61843e+07 
Pool objective bound 7.15545e+06

Optimal solution found (tolerance 1.00e-04)
Best objective 7.155448654822e+06, best bound 7.155448654822e+06, gap 0.0000%

Gurobi 7.0.2 (win64, Python) logging started 09/01/17 20:29:45

Optimize a model with 1100 rows, 100100 columns and 200000 nonzeros
Variable types: 0 continuous, 100100 integer (100100 binary)
Coefficient statistics:
  Matrix range     [1e+00, 1e+02]
  Objective range  [6e+01, 9e+05]
  Bounds range     [1e+00, 1e+00]
  RHS range        [1e+00, 5e+03]
Found heuristic solution: objective 3.61843e+07
Presolve removed 0 rows and 100 columns
Presolve time: 0.29s
Presolved: 1100 rows, 100000 columns, 200000 nonzeros
Variable types: 0 continuous, 100000 integer (100000 binary)

Root relaxation: objective 7.155449e+06, 1000 iterations, 0.02 seconds

    Nodes    |    Current Node    |     Objective Bounds      |     Work
 Expl Unexpl |  Obj  Depth IntInf | Incumbent    BestBd   Gap | It/Node Time

*    0     0               0    7155448.6548 7155448.65  0.00%     -    0s

Explored 0 nodes (1000 simplex iterations) in 0.55 seconds
Thread count was 8 (of 8 available processors)

Solution count 2: 7.15545e+06 3.61843e+07 
Pool objective bound 7.15545e+06

Optimal solution found (tolerance 1.00e-04)
Best objective 7.155448654822e+06, best bound 7.155448654822e+06, gap 0.0000%

Gurobi 7.0.2 (win64, Python) logging started 09/01/17 20:29:52

Optimize a model with 1100 rows, 100100 columns and 200000 nonzeros
Variable types: 0 continuous, 100100 integer (100100 binary)
Coefficient statistics:
  Matrix range     [1e+00, 1e+02]
  Objective range  [6e+01, 9e+05]
  Bounds range     [1e+00, 1e+00]
  RHS range        [1e+00, 5e+03]
Found heuristic solution: objective 3.61843e+07
Presolve removed 0 rows and 100 columns
Presolve time: 0.27s
Presolved: 1100 rows, 100000 columns, 200000 nonzeros
Variable types: 0 continuous, 100000 integer (100000 binary)

Root relaxation: objective 7.155449e+06, 1000 iterations, 0.03 seconds

    Nodes    |    Current Node    |     Objective Bounds      |     Work
 Expl Unexpl |  Obj  Depth IntInf | Incumbent    BestBd   Gap | It/Node Time

*    0     0               0    7155448.6548 7155448.65  0.00%     -    0s

Explored 0 nodes (1000 simplex iterations) in 0.54 seconds
Thread count was 8 (of 8 available processors)

Solution count 2: 7.15545e+06 3.61843e+07 
Pool objective bound 7.15545e+06

Optimal solution found (tolerance 1.00e-04)
Best objective 7.155448654822e+06, best bound 7.155448654822e+06, gap 0.0000%

Gurobi 7.0.2 (win64, Python) logging started 09/01/17 20:30:21

Optimize a model with 1100 rows, 100100 columns and 200000 nonzeros
Variable types: 0 continuous, 100100 integer (100100 binary)
Coefficient statistics:
  Matrix range     [1e+00, 1e+02]
  Objective range  [6e+01, 9e+05]
  Bounds range     [1e+00, 1e+00]
  RHS range        [1e+00, 5e+03]
Found heuristic solution: objective 3.61843e+07
Presolve removed 0 rows and 100 columns
Presolve time: 0.29s
Presolved: 1100 rows, 100000 columns, 200000 nonzeros
Variable types: 0 continuous, 100000 integer (100000 binary)

Root relaxation: objective 7.155449e+06, 1000 iterations, 0.02 seconds

    Nodes    |    Current Node    |     Objective Bounds      |     Work
 Expl Unexpl |  Obj  Depth IntInf | Incumbent    BestBd   Gap | It/Node Time

*    0     0               0    7155448.6548 7155448.65  0.00%     -    0s

Explored 0 nodes (1000 simplex iterations) in 0.50 seconds
Thread count was 8 (of 8 available processors)

Solution count 2: 7.15545e+06 3.61843e+07 
Pool objective bound 7.15545e+06

Optimal solution found (tolerance 1.00e-04)
Best objective 7.155448654822e+06, best bound 7.155448654822e+06, gap 0.0000%

Gurobi 7.0.2 (win64, Python) logging started 09/01/17 20:31:44

Optimize a model with 1100 rows, 100100 columns and 200000 nonzeros
Variable types: 0 continuous, 100100 integer (100100 binary)
Coefficient statistics:
  Matrix range     [1e+00, 1e+02]
  Objective range  [6e+01, 9e+05]
  Bounds range     [1e+00, 1e+00]
  RHS range        [1e+00, 5e+03]
Found heuristic solution: objective 3.61843e+07
Presolve removed 0 rows and 100 columns
Presolve time: 0.30s
Presolved: 1100 rows, 100000 columns, 200000 nonzeros
Variable types: 0 continuous, 100000 integer (100000 binary)

Root relaxation: objective 7.155449e+06, 1000 iterations, 0.02 seconds

    Nodes    |    Current Node    |     Objective Bounds      |     Work
 Expl Unexpl |  Obj  Depth IntInf | Incumbent    BestBd   Gap | It/Node Time

*    0     0               0    7155448.6548 7155448.65  0.00%     -    0s

Explored 0 nodes (1000 simplex iterations) in 0.52 seconds
Thread count was 8 (of 8 available processors)

Solution count 2: 7.15545e+06 3.61843e+07 
Pool objective bound 7.15545e+06

Optimal solution found (tolerance 1.00e-04)
Best objective 7.155448654822e+06, best bound 7.155448654822e+06, gap 0.0000%

Gurobi 7.0.2 (win64, Python) logging started 09/01/17 20:31:55

Optimize a model with 1100 rows, 100100 columns and 200000 nonzeros
Variable types: 0 continuous, 100100 integer (100100 binary)
Coefficient statistics:
  Matrix range     [1e+00, 1e+02]
  Objective range  [6e+01, 9e+05]
  Bounds range     [1e+00, 1e+00]
  RHS range        [1e+00, 5e+03]
Found heuristic solution: objective 3.61843e+07
Presolve removed 0 rows and 100 columns
Presolve time: 0.29s
Presolved: 1100 rows, 100000 columns, 200000 nonzeros
Variable types: 0 continuous, 100000 integer (100000 binary)

Root relaxation: objective 7.155449e+06, 1000 iterations, 0.02 seconds

    Nodes    |    Current Node    |     Objective Bounds      |     Work
 Expl Unexpl |  Obj  Depth IntInf | Incumbent    BestBd   Gap | It/Node Time

*    0     0               0    7155448.6548 7155448.65  0.00%     -    0s

Explored 0 nodes (1000 simplex iterations) in 0.50 seconds
Thread count was 8 (of 8 available processors)

Solution count 2: 7.15545e+06 3.61843e+07 
Pool objective bound 7.15545e+06

Optimal solution found (tolerance 1.00e-04)
Best objective 7.155448654822e+06, best bound 7.155448654822e+06, gap 0.0000%

Gurobi 7.0.2 (win64, Python) logging started 09/01/17 20:32:54

Optimize a model with 1100 rows, 100100 columns and 200000 nonzeros
Variable types: 0 continuous, 100100 integer (100100 binary)
Coefficient statistics:
  Matrix range     [1e+00, 1e+02]
  Objective range  [6e+01, 9e+05]
  Bounds range     [1e+00, 1e+00]
  RHS range        [1e+00, 5e+03]
Found heuristic solution: objective 3.61843e+07
Presolve removed 0 rows and 100 columns
Presolve time: 0.27s
Presolved: 1100 rows, 100000 columns, 200000 nonzeros
Variable types: 0 continuous, 100000 integer (100000 binary)

Root relaxation: objective 7.155449e+06, 1000 iterations, 0.03 seconds

    Nodes    |    Current Node    |     Objective Bounds      |     Work
 Expl Unexpl |  Obj  Depth IntInf | Incumbent    BestBd   Gap | It/Node Time

*    0     0               0    7155448.6548 7155448.65  0.00%     -    0s

Explored 0 nodes (1000 simplex iterations) in 0.49 seconds
Thread count was 8 (of 8 available processors)

Solution count 2: 7.15545e+06 3.61843e+07 
Pool objective bound 7.15545e+06

Optimal solution found (tolerance 1.00e-04)
Best objective 7.155448654822e+06, best bound 7.155448654822e+06, gap 0.0000%

Gurobi 7.0.2 (win64, Python) logging started 09/01/17 20:33:05

Optimize a model with 2500 rows, 1501000 columns and 3000000 nonzeros
Variable types: 0 continuous, 1501000 integer (1501000 binary)
Coefficient statistics:
  Matrix range     [1e+00, 2e+03]
  Objective range  [4e+01, 3e+05]
  Bounds range     [1e+00, 1e+00]
  RHS range        [1e+00, 7e+03]
Found heuristic solution: objective 1.55168e+08
Presolve removed 0 rows and 1000 columns
Presolve time: 4.98s
Presolved: 2500 rows, 1500000 columns, 3000000 nonzeros
Variable types: 0 continuous, 1500000 integer (1500000 binary)

Root simplex log...

Iteration    Objective       Primal Inf.    Dual Inf.      Time
       0    0.0000000e+00   1.500000e+03   0.000000e+00      6s

Starting sifting (using dual simplex for sub-problems)...

    Iter     Pivots    Primal Obj      Dual Obj        Time
       0          0     infinity      0.0000000e+00      6s

Sifting complete

    1593    4.9194010e+06   0.000000e+00   0.000000e+00      6s

Root relaxation: objective 4.919401e+06, 1593 iterations, 0.66 seconds

    Nodes    |    Current Node    |     Objective Bounds      |     Work
 Expl Unexpl |  Obj  Depth IntInf | Incumbent    BestBd   Gap | It/Node Time

     0     0 4919401.03    0  121 1.5517e+08 4919401.03  96.8%     -    8s
H    0     0                    4948911.8979 4919401.03  0.60%     -   10s
H    0     0                    4946373.6129 4919401.03  0.55%     -   17s
     0     0 4942821.31    0   32 4946373.61 4942821.31  0.07%     -   20s
     0     0 4942821.31    0  121 4946373.61 4942821.31  0.07%     -   30s
     0     0 4942821.31    0   32 4946373.61 4942821.31  0.07%     -   31s
     0     0 4945391.16    0   16 4946373.61 4945391.16  0.02%     -   31s
     0     0     cutoff    0      4946373.61 4946373.61  0.00%     -   31s

Cutting planes:
  Cover: 65
  MIR: 13
  StrongCG: 5

Explored 0 nodes (3383 simplex iterations) in 31.76 seconds
Thread count was 8 (of 8 available processors)

Solution count 3: 4.94637e+06 4.94891e+06 1.55168e+08 
Pool objective bound 4.94637e+06

Optimal solution found (tolerance 1.00e-04)
Best objective 4.946373612902e+06, best bound 4.946373612902e+06, gap 0.0000%

Gurobi 7.0.2 (win64, Python) logging started 09/01/17 20:40:29

Optimize a model with 7 rows, 15 columns and 24 nonzeros
Variable types: 0 continuous, 15 integer (15 binary)
Coefficient statistics:
  Matrix range     [1e+00, 8e+01]
  Objective range  [1e+02, 2e+03]
  Bounds range     [1e+00, 1e+00]
  RHS range        [1e+00, 5e+02]
Found heuristic solution: objective 5098.24
Presolve removed 1 rows and 3 columns
Presolve time: 0.00s
Presolved: 6 rows, 12 columns, 20 nonzeros
Variable types: 0 continuous, 12 integer (12 binary)

Root relaxation: objective 2.245771e+03, 6 iterations, 0.00 seconds

    Nodes    |    Current Node    |     Objective Bounds      |     Work
 Expl Unexpl |  Obj  Depth IntInf | Incumbent    BestBd   Gap | It/Node Time

*    0     0               0    2245.7711370 2245.77114  0.00%     -    0s

Explored 0 nodes (6 simplex iterations) in 0.01 seconds
Thread count was 8 (of 8 available processors)

Solution count 2: 2245.77 5098.24 
Pool objective bound 2245.77

Optimal solution found (tolerance 1.00e-04)
Best objective 2.245771137048e+03, best bound 2.245771137048e+03, gap 0.0000%

Gurobi 7.0.2 (win64, Python) logging started 09/01/17 20:41:27

Optimize a model with 7 rows, 15 columns and 24 nonzeros
Variable types: 0 continuous, 15 integer (15 binary)
Coefficient statistics:
  Matrix range     [1e+00, 8e+01]
  Objective range  [1e+02, 2e+03]
  Bounds range     [1e+00, 1e+00]
  RHS range        [1e+00, 5e+02]
Found heuristic solution: objective 5098.24
Presolve removed 1 rows and 3 columns
Presolve time: 0.00s
Presolved: 6 rows, 12 columns, 20 nonzeros
Variable types: 0 continuous, 12 integer (12 binary)

Root relaxation: objective 2.245771e+03, 6 iterations, 0.00 seconds

    Nodes    |    Current Node    |     Objective Bounds      |     Work
 Expl Unexpl |  Obj  Depth IntInf | Incumbent    BestBd   Gap | It/Node Time

*    0     0               0    2245.7711370 2245.77114  0.00%     -    0s

Explored 0 nodes (6 simplex iterations) in 0.01 seconds
Thread count was 8 (of 8 available processors)

Solution count 2: 2245.77 5098.24 
Pool objective bound 2245.77

Optimal solution found (tolerance 1.00e-04)
Best objective 2.245771137048e+03, best bound 2.245771137048e+03, gap 0.0000%

Gurobi 7.0.2 (win64, Python) logging started 09/01/17 20:42:04

Optimize a model with 7 rows, 15 columns and 24 nonzeros
Variable types: 0 continuous, 15 integer (15 binary)
Coefficient statistics:
  Matrix range     [1e+00, 8e+01]
  Objective range  [1e+02, 2e+03]
  Bounds range     [1e+00, 1e+00]
  RHS range        [1e+00, 5e+02]
Found heuristic solution: objective 5098.24
Presolve removed 1 rows and 3 columns
Presolve time: 0.00s
Presolved: 6 rows, 12 columns, 20 nonzeros
Variable types: 0 continuous, 12 integer (12 binary)

Root relaxation: objective 2.245771e+03, 6 iterations, 0.00 seconds

    Nodes    |    Current Node    |     Objective Bounds      |     Work
 Expl Unexpl |  Obj  Depth IntInf | Incumbent    BestBd   Gap | It/Node Time

*    0     0               0    2245.7711370 2245.77114  0.00%     -    0s

Explored 0 nodes (6 simplex iterations) in 0.01 seconds
Thread count was 8 (of 8 available processors)

Solution count 2: 2245.77 5098.24 
Pool objective bound 2245.77

Optimal solution found (tolerance 1.00e-04)
Best objective 2.245771137048e+03, best bound 2.245771137048e+03, gap 0.0000%

Gurobi 7.0.2 (win64, Python) logging started 09/01/17 20:42:53

Optimize a model with 7 rows, 15 columns and 24 nonzeros
Variable types: 0 continuous, 15 integer (15 binary)
Coefficient statistics:
  Matrix range     [1e+00, 8e+01]
  Objective range  [1e+02, 2e+03]
  Bounds range     [1e+00, 1e+00]
  RHS range        [1e+00, 5e+02]
Found heuristic solution: objective 5098.24
Presolve removed 1 rows and 3 columns
Presolve time: 0.00s
Presolved: 6 rows, 12 columns, 20 nonzeros
Variable types: 0 continuous, 12 integer (12 binary)

Root relaxation: objective 2.245771e+03, 6 iterations, 0.00 seconds

    Nodes    |    Current Node    |     Objective Bounds      |     Work
 Expl Unexpl |  Obj  Depth IntInf | Incumbent    BestBd   Gap | It/Node Time

*    0     0               0    2245.7711370 2245.77114  0.00%     -    0s

Explored 0 nodes (6 simplex iterations) in 0.01 seconds
Thread count was 8 (of 8 available processors)

Solution count 2: 2245.77 5098.24 
Pool objective bound 2245.77

Optimal solution found (tolerance 1.00e-04)
Best objective 2.245771137048e+03, best bound 2.245771137048e+03, gap 0.0000%

Gurobi 7.0.2 (win64, Python) logging started 09/01/17 20:46:35

Optimize a model with 10 rows, 15 columns and 39 nonzeros
Variable types: 0 continuous, 15 integer (15 binary)
Coefficient statistics:
  Matrix range     [1e+00, 8e+01]
  Objective range  [1e+02, 2e+03]
  Bounds range     [1e+00, 1e+00]
  RHS range        [1e+00, 5e+02]
Found heuristic solution: objective 5398.24
Presolve removed 1 rows and 0 columns
Presolve time: 0.00s
Presolved: 9 rows, 15 columns, 35 nonzeros
Variable types: 0 continuous, 15 integer (15 binary)

Root relaxation: objective 2.470771e+03, 8 iterations, 0.00 seconds

    Nodes    |    Current Node    |     Objective Bounds      |     Work
 Expl Unexpl |  Obj  Depth IntInf | Incumbent    BestBd   Gap | It/Node Time

     0     0 2470.77114    0    1 5398.23989 2470.77114  54.2%     -    0s
H    0     0                    2545.7711370 2470.77114  2.95%     -    0s

Explored 0 nodes (8 simplex iterations) in 0.01 seconds
Thread count was 8 (of 8 available processors)

Solution count 2: 2545.77 5398.24 
Pool objective bound 2545.77

Optimal solution found (tolerance 1.00e-04)
Best objective 2.545771137048e+03, best bound 2.545771137048e+03, gap 0.0000%

Gurobi 7.0.2 (win64, Python) logging started 09/01/17 20:46:44

Optimize a model with 1200 rows, 100100 columns and 300100 nonzeros
Variable types: 0 continuous, 100100 integer (100100 binary)
Coefficient statistics:
  Matrix range     [1e+00, 1e+03]
  Objective range  [5e+01, 2e+06]
  Bounds range     [1e+00, 1e+00]
  RHS range        [1e+00, 8e+03]
Found heuristic solution: objective 2.14431e+08
Presolve time: 0.44s
Presolved: 1200 rows, 100100 columns, 300100 nonzeros
Variable types: 0 continuous, 100100 integer (100100 binary)

Root relaxation: objective 1.184386e+07, 2892 iterations, 0.07 seconds

    Nodes    |    Current Node    |     Objective Bounds      |     Work
 Expl Unexpl |  Obj  Depth IntInf | Incumbent    BestBd   Gap | It/Node Time

     0     0 1.1844e+07    0   90 2.1443e+08 1.1844e+07  94.5%     -    0s
H    0     0                    1.682273e+08 1.1844e+07  93.0%     -    1s
H    0     0                    1.640642e+08 1.1844e+07  92.8%     -    1s
H    0     0                    3.226338e+07 1.1844e+07  63.3%     -    4s
H    0     0                    3.068433e+07 1.1844e+07  61.4%     -    6s
     0     0 1.3440e+07    0 1260 3.0684e+07 1.3440e+07  56.2%     -    9s
     0     0 1.3440e+07    0 1304 3.0684e+07 1.3440e+07  56.2%     -   10s
H    0     0                    2.882633e+07 1.3468e+07  53.3%     -   14s
     0     0 1.4327e+07    0 1884 2.8826e+07 1.4327e+07  50.3%     -   14s
H    0     0                    2.827201e+07 1.4327e+07  49.3%     -   16s
     0     0 1.4839e+07    0 1595 2.8272e+07 1.4839e+07  47.5%     -   16s
H    0     0                    2.826317e+07 1.4839e+07  47.5%     -   24s
H    0     0                    2.728153e+07 1.4839e+07  45.6%     -   24s
     0     0 1.5582e+07    0 2171 2.7282e+07 1.5582e+07  42.9%     -   24s
H    0     0                    2.539185e+07 1.5582e+07  38.6%     -   29s
H    0     0                    2.539184e+07 1.5582e+07  38.6%     -   29s
H    0     0                    2.539153e+07 1.5582e+07  38.6%     -   29s
     0     0 1.6069e+07    0 1745 2.5392e+07 1.6069e+07  36.7%     -   29s
     0     0 1.7034e+07    0 2292 2.5392e+07 1.7034e+07  32.9%     -   38s
H    0     0                    2.537924e+07 1.7034e+07  32.9%     -   58s
H    0     0                    2.523875e+07 1.7034e+07  32.5%     -   74s
     0     0 1.7507e+07    0 1890 2.5239e+07 1.7507e+07  30.6%     -   74s
     0     0 1.8154e+07    0 2537 2.5239e+07 1.8154e+07  28.1%     -   84s

Gurobi 7.0.2 (win64, Python) logging started 09/01/17 20:48:13

     0     0 1.8525e+07    0 2274 2.5239e+07 1.8525e+07  26.6%     -   89s
     0     0 1.9245e+07    0 2849 2.5239e+07 1.9245e+07  23.7%     -  102s
     0     0 1.9605e+07    0 2338 2.5239e+07 1.9605e+07  22.3%     -  113s
H    0     0                    2.468246e+07 1.9605e+07  20.6%     -  123s
     0     0 2.0145e+07    0 2892 2.4682e+07 2.0145e+07  18.4%     -  123s
     0     0 2.0402e+07    0 2887 2.4682e+07 2.0402e+07  17.3%     -  134s
Optimize a model with 3500 rows, 1501000 columns and 4501000 nonzeros
Variable types: 0 continuous, 1501000 integer (1501000 binary)
Coefficient statistics:
  Matrix range     [1e+00, 2e+03]
  Objective range  [4e+01, 3e+05]
  Bounds range     [1e+00, 1e+00]
  RHS range        [1e+00, 7e+03]
Found heuristic solution: objective 1.61374e+08
Presolve removed 0 rows and 0 columns (presolve time = 5s) ...
Presolve time: 9.13s
Presolved: 3500 rows, 1501000 columns, 4501000 nonzeros
Variable types: 0 continuous, 1501000 integer (1501000 binary)
     0     0 2.0833e+07    0 3752 2.4682e+07 2.0833e+07  15.6%     -  154s

Root simplex log...

Iteration    Objective       Primal Inf.    Dual Inf.      Time
       0    0.0000000e+00   1.500000e+03   0.000000e+00     11s

Starting sifting (using dual simplex for sub-problems)...

    Iter     Pivots    Primal Obj      Dual Obj        Time
       0          0     infinity      0.0000000e+00     11s

Sifting complete

    2678    6.1560844e+06   0.000000e+00   0.000000e+00     12s

Root relaxation: objective 6.156084e+06, 2678 iterations, 1.23 seconds
Total elapsed time = 16.51s

    Nodes    |    Current Node    |     Objective Bounds      |     Work
 Expl Unexpl |  Obj  Depth IntInf | Incumbent    BestBd   Gap | It/Node Time

     0     0 6156084.44    0  835 1.6137e+08 6156084.44  96.2%     -   17s
     0     0 2.0956e+07    0 3652 2.4682e+07 2.0956e+07  15.1%     -  166s
     0     0 2.1204e+07    0 3967 2.4682e+07 2.1204e+07  14.1%     -  178s
H    0     0                    1.065973e+07 6156084.44  42.2%     -   41s
     0     2 2.1204e+07    0 3967 2.4682e+07 2.1204e+07  14.1%     -  198s
     1     4 2.1205e+07    1 3896 2.4682e+07 2.1205e+07  14.1%   8.0  200s
     7    12 2.1214e+07    3 3786 2.4682e+07 2.1213e+07  14.1%   321  205s
H    0     0                    8883014.6881 6156084.44  30.7%     -   71s
     0     0 7595343.92    0 2079 8883014.69 7595343.92  14.5%     -   83s
     0     0 7727513.16    0 2626 8883014.69 7727513.16  13.0%     -   99s
     0     0 8256067.43    0 2835 8883014.69 8256067.43  7.06%     -  118s
     0     0 8313863.35    0 2996 8883014.69 8313863.35  6.41%     -  126s
     0     0 8507628.31    0 2684 8883014.69 8507628.31  4.23%     -  143s
H   27    26                    2.379374e+07 2.1213e+07  10.8%   104  297s
H   28    25                    2.355467e+07 2.1213e+07  9.94%   101  297s
     0     0 8524772.89    0 2811 8883014.69 8524772.89  4.03%     -  160s
    31    25 2.1246e+07    9 3574 2.3555e+07 2.1213e+07  9.94%   100  304s
    38    32 2.1248e+07   10 3568 2.3555e+07 2.1213e+07  9.94%   102  306s
    50    43 2.1266e+07   13 3491 2.3555e+07 2.1213e+07  9.94%  92.6  312s
    63    56 2.1278e+07   15 3395 2.3555e+07 2.1213e+07  9.94%   101  316s
    84    78 2.1318e+07   20 3171 2.3555e+07 2.1213e+07  9.94%   104  321s
     0     0 8620678.38    0 2646 8883014.69 8620678.38  2.95%     -  178s
    90    80 2.1955e+07   20 2922 2.3555e+07 2.1213e+07  9.94%   120  327s
     0     0 8634965.97    0 2806 8883014.69 8634965.97  2.79%     -  186s
   115   107 2.2377e+07   23 2632 2.3555e+07 2.1213e+07  9.94%   125  333s
   132   124 2.1361e+07   23 2392 2.3555e+07 2.1213e+07  9.94%   126  338s
   140   129 2.1368e+07   25 2310 2.3555e+07 2.1213e+07  9.94%   127  341s
   161   154 2.1398e+07   30 2134 2.3555e+07 2.1213e+07  9.94%   119  345s
     0     0 8689951.67    0 2308 8883014.69 8689951.67  2.17%     -  205s
   194   183 2.1444e+07   39 1825 2.3555e+07 2.1213e+07  9.94%   115  353s
     0     0 8699703.22    0 2274 8883014.69 8699703.22  2.06%     -  211s
   226   210 2.1472e+07   48 1741 2.3555e+07 2.1213e+07  9.94%   107  356s
   251   234 2.1508e+07   51 1675 2.3555e+07 2.1213e+07  9.94%   104  361s
   312   290 2.1582e+07   63 1521 2.3555e+07 2.1213e+07  9.94%  96.2  368s
     0     0 8734980.64    0 2027 8883014.69 8734980.64  1.67%     -  227s
   352   320 2.1653e+07   73 1294 2.3555e+07 2.1213e+07  9.94%  92.6  373s
     0     0 8738864.08    0 1966 8883014.69 8738864.08  1.62%     -  233s
   385   343 2.1693e+07   77 1177 2.3555e+07 2.1213e+07  9.94%  91.7  377s
   397   354 2.1827e+07   78 1216 2.3555e+07 2.1225e+07  9.89%  96.7  383s
   414   369 2.2127e+07   81  962 2.3555e+07 2.1225e+07  9.89%   103  387s
   443   395 2.2068e+07   83  941 2.3555e+07 2.1225e+07  9.89%   102  391s
     0     0 8755339.73    0 2012 8883014.69 8755339.73  1.44%     -  247s
   478   426 2.2391e+07   85  756 2.3555e+07 2.1225e+07  9.89%   101  395s
     0     0 8758254.14    0 2146 8883014.69 8758254.14  1.40%     -  253s
   569   497 2.2392e+07   94  580 2.3555e+07 2.1233e+07  9.86%  97.0  411s
   598   515 2.1636e+07    5 2911 2.3555e+07 2.1249e+07  9.79%   106  416s
   603   524 2.1666e+07    6 2289 2.3555e+07 2.1249e+07  9.79%   108  421s
     0     0 8768169.87    0 1803 8883014.69 8768169.87  1.29%     -  279s
   619   536 2.1679e+07    9 2157 2.3555e+07 2.1249e+07  9.79%   108  427s
   651   565 2.1739e+07   18 1969 2.3555e+07 2.1249e+07  9.79%   106  431s
   677   591 2.1835e+07   24 1921 2.3555e+07 2.1249e+07  9.79%   105  439s
   700   614 2.1867e+07   30 1653 2.3555e+07 2.1249e+07  9.79%   105  443s
   740   652 2.2002e+07   43 1438 2.3555e+07 2.1249e+07  9.79%   104  447s
   775   681 2.2081e+07   51 1140 2.3555e+07 2.1249e+07  9.79%   103  455s
     0     0 8768169.87    0  830 8883014.69 8768169.87  1.29%     -  317s
   810   713 2.2161e+07   56 1008 2.3555e+07 2.1249e+07  9.79%   104  461s
   832   731 2.2294e+07   64  851 2.3555e+07 2.1249e+07  9.79%   106  467s
   869   764 2.3219e+07   72  753 2.3555e+07 2.1249e+07  9.79%   107  478s
H    0     0                    8878670.9004 8768169.87  1.24%     -  340s
   913   802 2.2610e+07   76  597 2.3555e+07 2.1249e+07  9.79%   109  487s
     0     0 8768169.87    0 1697 8878670.90 8768169.87  1.24%     -  351s
   946   820 2.2884e+07   81  603 2.3555e+07 2.1249e+07  9.79%   111  501s
  1013   865 2.3279e+07   94  389 2.3555e+07 2.1249e+07  9.79%   111  512s
     0     0 8768169.87    0 2114 8878670.90 8768169.87  1.24%     -  371s
     0     0 8768169.87    0 2274 8878670.90 8768169.87  1.24%     -  384s
  1107   947 2.3391e+07  121 3967 2.3555e+07 2.1249e+07  9.79%   107  530s
     0     0 8768169.87    0 2019 8878670.90 8768169.87  1.24%     -  391s
  1109   948 2.2657e+07   10   77 2.3555e+07 2.1249e+07  9.79%   107  535s
  1110   949 2.2116e+07   59 1282 2.3555e+07 2.1249e+07  9.79%   107  548s
     0     0 8768169.87    0 1934 8878670.90 8768169.87  1.24%     -  405s
     0     0 8768169.87    0 1851 8878670.90 8768169.87  1.24%     -  409s
     0     0 8776581.97    0 1695 8878670.90 8776581.97  1.15%     -  418s
     0     0 8778952.98    0 1780 8878670.90 8778952.98  1.12%     -  421s
  1111   950 2.2805e+07   81 1736 2.3555e+07 2.1249e+07  9.79%   106  566s
     0     0 8786306.76    0 1617 8878670.90 8786306.76  1.04%     -  438s
     0     0 8786306.76    0  830 8878670.90 8786306.76  1.04%     -  466s
H 1111   902                    2.355421e+07 2.1249e+07  9.79%   106  626s
     0     0 8786306.76    0 1638 8878670.90 8786306.76  1.04%     -  495s
     0     0 8786306.76    0 2043 8878670.90 8786306.76  1.04%     -  514s
     0     0 8786306.76    0 2156 8878670.90 8786306.76  1.04%     -  527s
     0     0 8786306.76    0 1884 8878670.90 8786306.76  1.04%     -  534s
     0     0 8786306.76    0 1766 8878670.90 8786306.76  1.04%     -  545s
     0     0 8786306.76    0 1773 8878670.90 8786306.76  1.04%     -  549s
     0     0 8788181.28    0 1610 8878670.90 8788181.28  1.02%     -  558s
     0     0 8791713.65    0 1585 8878670.90 8791713.65  0.98%     -  562s
  1113   903 2.2852e+07   59 2438 2.3554e+07 2.1842e+07  7.27%   106  708s
     0     0 8798217.93    0 1530 8878670.90 8798217.93  0.91%     -  571s
     0     0 8798674.66    0 1535 8878670.90 8798674.66  0.90%     -  575s
     0     0 8799626.02    0 1406 8878670.90 8799626.02  0.89%     -  585s
  1114   904 2.3257e+07   63 2724 2.3554e+07 2.1913e+07  6.97%   106  736s
     0     0 8799626.02    0  832 8878670.90 8799626.02  0.89%     -  606s
  1115   904 2.2481e+07   12 2596 2.3554e+07 2.1921e+07  6.93%   106  760s
     0     0 8799626.02    0 1654 8878670.90 8799626.02  0.89%     -  627s
     0     0 8799626.02    0 2017 8878670.90 8799626.02  0.89%     -  642s
  1116   905 2.3348e+07   97 2963 2.3554e+07 2.1982e+07  6.67%   106  789s
     0     0 8799626.02    0 1947 8878670.90 8799626.02  0.89%     -  652s
     0     0 8799626.02    0 1769 8878670.90 8799626.02  0.89%     -  658s
     0     0 8799626.02    0 1713 8878670.90 8799626.02  0.89%     -  666s
  1117   906 2.2935e+07   94 3049 2.3554e+07 2.1982e+07  6.67%   106  812s
     0     0 8799626.02    0 1611 8878670.90 8799626.02  0.89%     -  670s
     0     0 8799626.02    0 1586 8878670.90 8799626.02  0.89%     -  676s
     0     0 8800674.12    0 1526 8878670.90 8800674.12  0.88%     -  679s
     0     0 8803192.13    0 1470 8878670.90 8803192.13  0.85%     -  685s
  1118   906 2.2698e+07   24 3330 2.3554e+07 2.2030e+07  6.47%   106  837s
  1119   907 2.2030e+07   16 3186 2.3554e+07 2.2030e+07  6.47%   106  858s
H    0     0                    8867516.8304 8803192.13  0.73%     -  716s
     0     0 8803879.58    0 1510 8867516.83 8803879.58  0.72%     -  717s
     0     0 8804678.95    0 1421 8867516.83 8804678.95  0.71%     -  726s
     0     0 8804678.95    0  829 8867516.83 8804678.95  0.71%     -  741s
  1120   908 2.2913e+07   84 3530 2.3554e+07 2.2083e+07  6.25%   106  886s
     0     0 8804678.95    0 1644 8867516.83 8804678.95  0.71%     -  757s
     0     0 8804678.95    0 1976 8867516.83 8804678.95  0.71%     -  763s
  1121   908 2.2606e+07   24 3614 2.3554e+07 2.2110e+07  6.13%   105  909s
     0     0 8804678.95    0 2073 8867516.83 8804678.95  0.71%     -  770s
     0     0 8804678.95    0 1781 8867516.83 8804678.95  0.71%     -  777s
     0     0 8804678.95    0 1750 8867516.83 8804678.95  0.71%     -  783s
     0     0 8804678.95    0 1619 8867516.83 8804678.95  0.71%     -  785s
     0     0 8804678.95    0 1579 8867516.83 8804678.95  0.71%     -  789s
  1122   909 2.2665e+07   79 3362 2.3554e+07 2.2113e+07  6.12%   105  934s
     0     0 8804678.95    0 1450 8867516.83 8804678.95  0.71%     -  790s
     0     0 8804678.95    0 1402 8867516.83 8804678.95  0.71%     -  793s
  1123   910 2.2136e+07   73 3542 2.3554e+07 2.2136e+07  6.02%   105  949s
     0     0 8805246.38    0 1392 8867516.83 8805246.38  0.70%     -  816s
     0     0 8805969.17    0 1450 8867516.83 8805969.17  0.69%     -  819s
  1124   910 2.3111e+07   75 3548 2.3554e+07 2.2151e+07  5.96%   105  969s
     0     2 8805969.17    0 1450 8867516.83 8805969.17  0.69%     -  834s
     1     5 8808934.61    1 1453 8867516.83 8806278.04  0.69%   8.0  836s
     3     8 8810017.62    2 1477 8867516.83 8806609.14  0.69%  10.3  840s
  1125   911 2.2167e+07   36 3681 2.3554e+07 2.2167e+07  5.89%   105  988s
    39    41 8814009.21   11 1331 8867516.83 8807768.21  0.67%  10.2  845s
    82    82 8817967.92   20 1312 8867516.83 8807768.21  0.67%   7.8  850s
   128   131 8820059.64   31 1270 8867516.83 8807768.21  0.67%   7.1  856s
   160   163 8823294.52   36 1267 8867516.83 8807768.21  0.67%   7.5  860s
   202   208 8824654.25   43 1298 8867516.83 8807768.21  0.67%   7.2  866s
   238   237 8826776.98   51 1239 8867516.83 8807768.21  0.67%   7.1  870s
   292   293 8829636.53   62 1207 8867516.83 8807768.21  0.67%   7.5  875s
  1126   912 2.2444e+07   11 3696 2.3554e+07 2.2180e+07  5.83%   105 1021s
   357   358 8835778.15   77 1108 8867516.83 8807768.21  0.67%   7.4  881s
   397   402 8839067.92   85 1127 8867516.83 8807768.21  0.67%   7.5  885s
   449   453 8840961.46   93 1072 8867516.83 8807768.21  0.67%   7.6  890s
   508   508 8846237.77  106 1089 8867516.83 8807768.21  0.67%   7.5  895s
   571   576 8850392.59  122 1066 8867516.83 8807768.21  0.67%   7.4  901s
  1127   912 2.3391e+07  121 3589 2.3554e+07 2.2190e+07  5.79%   105 1050s
   643   642 8855368.88  137  999 8867516.83 8807768.21  0.67%   7.5  907s
   681   682 8856468.77  146  934 8867516.83 8807768.21  0.67%   7.3  910s
   721   731 8858331.79  153  890 8867516.83 8807768.21  0.67%   7.1  916s
   745   748 8859380.12  157  877 8867516.83 8807768.21  0.67%   7.1  924s
   755   759 8860275.75  158  883 8867516.83 8807768.21  0.67%   7.1  927s
   784   782 8860434.68  166  888 8867516.83 8807768.21  0.67%   7.0  931s
   860   844     cutoff  173      8867516.83 8808752.94  0.66%   6.9  938s
  1128   913 2.2199e+07   51 4091 2.3554e+07 2.2199e+07  5.75%   105 1086s
   901   875 8808940.08    4 1343 8867516.83 8808779.56  0.66%   7.0  943s
   950   919 8814289.56   13 1276 8867516.83 8808779.56  0.66%   7.2  947s
  1003   966 8819588.95   21 1283 8867516.83 8808779.56  0.66%   7.3  952s
  1052  1019 8823226.11   30 1261 8867516.83 8808779.56  0.66%   7.3  957s
  1111  1065 8826269.81   37 1187 8867516.83 8808779.56  0.66%   7.3  964s
  1129   914 2.2657e+07   10 3726 2.3554e+07 2.2199e+07  5.75%   105 1112s
  1130   914 2.2199e+07   59 3940 2.3554e+07 2.2199e+07  5.75%   105 1140s
H 1175  1129                    8867011.9357 8808779.56  0.66%   7.2 1015s
  1131   915 2.2805e+07   81 3922 2.3554e+07 2.2199e+07  5.75%   105 1163s
  1179  1135 8829293.75   42 1200 8867011.94 8808779.56  0.66%   7.2 1020s
  1227  1175 8831631.37   49 1165 8867011.94 8808779.56  0.66%   7.2 1025s
  1277  1232 8834631.55   57 1149 8867011.94 8808779.56  0.66%   7.2 1031s
  1327  1287 8836099.44   67 1046 8867011.94 8808779.56  0.66%   7.1 1037s
  1380  1319 8837913.33   79 1009 8867011.94 8808779.56  0.66%   7.1 1043s
  1434  1390 8838662.43   86  931 8867011.94 8808779.56  0.66%   7.0 1049s
  1490  1435 8839707.66   99  925 8867011.94 8808779.56  0.66%   7.0 1055s
  1132   916 2.2292e+07   14 3874 2.3554e+07 2.2199e+07  5.75%   104 1204s
  1550  1497 8840494.84  109  842 8867011.94 8808779.56  0.66%   6.9 1066s
  1562  1500 8840746.21  109  870 8867011.94 8808779.56  0.66%   6.9 1074s
  1133   916 2.2852e+07   59 3769 2.3554e+07 2.2199e+07  5.75%   104 1230s
  1134   917 2.3257e+07   63 3603 2.3554e+07 2.2199e+07  5.75%   104 1255s
  1623  1549 8830281.15   39 1803 8867011.94 8808779.56  0.66%   6.9 1123s
  1135   918 2.2481e+07   12 3456 2.3554e+07 2.2199e+07  5.75%   104 1278s
  1136   918 2.3348e+07   97 4072 2.3554e+07 2.2199e+07  5.75%   104 1309s
  1625  1550 8838958.22   74  775 8867011.94 8808779.56  0.66%   6.8 1182s
  1626  1551 8850581.01  118 1377 8867011.94 8808779.56  0.66%   6.8 1191s
  1137   919 2.2935e+07   94 3796 2.3554e+07 2.2199e+07  5.75%   104 1337s
  1627  1552 8849078.37  113 1391 8867011.94 8808779.56  0.66%   6.8 1202s
  1138   920 2.2698e+07   24 3836 2.3554e+07 2.2201e+07  5.75%   104 1350s
  1628  1552 8828279.26   34 1459 8867011.94 8808779.56  0.66%   6.8 1210s
  1140   921 2.2913e+07   84 3821 2.3554e+07 2.2207e+07  5.72%   104 1360s
  1629  1553 8838155.90   88 1440 8867011.94 8808779.56  0.66%   6.8 1224s
  1142   922 2.2665e+07   79 3888 2.3554e+07 2.2212e+07  5.70%   104 1369s
  1143   923 2.2212e+07   73 3040 2.3554e+07 2.2212e+07  5.70%   103 1371s
  1630  1554 8863444.59  199 1338 8867011.94 8810844.44  0.63%   6.8 1228s
  1144   924 2.3111e+07   75 3395 2.3554e+07 2.2216e+07  5.68%   103 1377s
  1631  1554 8822553.28   16 1149 8867011.94 8822553.28  0.50%   6.8 1240s
  1146   925 2.2444e+07   11 2809 2.3554e+07 2.2218e+07  5.67%   103 1385s
  1148   926 2.2219e+07   51 1949 2.3554e+07 2.2219e+07  5.67%   103 1390s
  1632  1555 8833107.72   66 1101 8867011.94 8833107.72  0.38%   6.8 1247s
H 1149   880                    2.277361e+07 2.2219e+07  2.43%   103 1394s
  1634  1558 8833107.72   34 1803 8867011.94 8833107.72  0.38%  12.5 1257s
  1150   881 2.2219e+07   59 2077 2.2774e+07 2.2219e+07  2.43%   103 1401s
  1152   882 2.2292e+07   14 2089 2.2774e+07 2.2219e+07  2.43%   103 1405s
  1154   883 2.2774e+07   63 1848 2.2774e+07 2.2220e+07  2.43%   102 1420s
  1636  1559 8848703.09  100  775 8867011.94 8833107.72  0.38%  12.5 1278s
  1637  1560 8856695.10  138 1354 8867011.94 8833107.72  0.38%  12.5 1281s
  1638  1561 8833107.72   51 1489 8867011.94 8833107.72  0.38%  12.5 1287s
  1639  1561 8862915.40  169 1491 8867011.94 8833107.72  0.38%  12.5 1290s
  1640  1562 8859275.42  161 1383 8867011.94 8833107.72  0.38%  12.5 1295s
  1642  1563 8842917.10  103 1436 8867011.94 8834554.51  0.37%  12.5 1302s
  1644  1565 8842865.21  100 1110 8867011.94 8842865.21  0.27%  12.4 1308s
  1645  1565 8845625.11   74 1119 8867011.94 8845625.11  0.24%  12.4 1311s
  1156   885 2.2774e+07   97 1279 2.2774e+07 2.2220e+07  2.43%   102 1456s
  1647  1568 8849078.37  113 1803 8867011.94 8845625.11  0.24%  18.5 1316s
  1649  1569 8845625.11   88  775 8867011.94 8845625.11  0.24%  18.5 1325s
  1653  1572 8845625.11   52 1333 8867011.94 8845625.11  0.24%  18.4 1331s
  1157   885 2.2774e+07   94 1435 2.2774e+07 2.2220e+07  2.43%   102 1480s
  1657  1575 8856695.10  138  982 8867011.94 8848218.50  0.21%  18.4 1336s
  1660  1577 8859275.42  161  987 8867011.94 8852581.46  0.16%  18.4 1340s
  1162   890 2.2665e+07   79 3967 2.2774e+07 2.2220e+07  2.43%   123 1486s
  1664  1580 8852581.46  100  775 8867011.94 8852581.46  0.16%  24.6 1345s
  1164   891 2.2774e+07   75   77 2.2774e+07 2.2220e+07  2.43%   122 1493s
  1668  1583 8852581.46   34 1291 8867011.94 8852581.46  0.16%  24.5 1350s
  1675  1588 8863906.51  176  850 8867011.94 8855976.32  0.12%  24.4 1355s
  1680  1592 8859275.42  161 1436 8867011.94 8855976.32  0.12%  30.6 1361s
  1683  1594 8855976.32   39 1398 8867011.94 8855976.32  0.12%  30.5 1365s
  1692  1600 8858541.96   66  978 8867011.94 8858541.96  0.10%  30.4 1370s
  1165   892 2.2220e+07   36 1283 2.2774e+07 2.2220e+07  2.43%   122 1514s
  1699  1606 8862915.40  169 1572 8867011.94 8858541.96  0.10%  36.7 1375s
  1706  1611 8859180.44  118 1031 8867011.94 8859180.44  0.09%  36.6 1380s
  1715  1618 8863906.51  176  766 8867011.94 8860760.57  0.07%  43.1 1386s
  1720  1622 8860760.57  161 1144 8867011.94 8860760.57  0.07%  42.9 1390s
  1727  1626 8861620.70  113  688 8867011.94 8861620.70  0.06%  42.8 1395s
  1166   893 2.2444e+07   11 1801 2.2774e+07 2.2220e+07  2.43%   122 1542s
  1735  1632 8863906.51  176  754 8867011.94 8862082.28  0.06%  42.6 1400s
  1742  1637 8862222.77  103  757 8867011.94 8862222.77  0.05%  49.1 1405s
  1748  1641 8862222.77   34 1117 8867011.94 8862222.77  0.05%  48.9 1410s
H 1750  1560                    8866422.1333 8862222.77  0.05%  48.8 1413s
  1752  1561 8862222.77   66  620 8866422.13 8862222.77  0.05%  48.8 1415s
  1764  1569 8862663.80  100  636 8866422.13 8862663.80  0.04%  48.5 1420s
  1776  1578 8862816.93  100 1461 8866422.13 8862816.93  0.04%  54.6 1425s
  1783  1583 8862816.93   39  802 8866422.13 8862816.93  0.04%  54.4 1430s
  1791  1588 8863018.26   16  709 8866422.13 8863018.26  0.04%  54.2 1435s
  1800  1594 8863258.20  161  726 8866422.13 8863258.20  0.04%  53.9 1440s
  1807  1599 8863319.17  113  733 8866422.13 8863319.17  0.03%  53.7 1446s
  1815  1604 8863906.51  176  722 8866422.13 8863339.59  0.03%  53.5 1450s
  1822  1609 8863374.24  103  736 8866422.13 8863374.24  0.03%  53.2 1457s
H 1166   848                    2.276767e+07 2.2220e+07  2.41%   122 1602s
  1826  1613 8863374.24  118 1803 8866422.13 8863374.24  0.03%  59.2 1460s
  1834  1618 8863374.24   34 1114 8866422.13 8863374.24  0.03%  58.9 1465s
  1841  1623 8863401.53   70  734 8866422.13 8863401.53  0.03%  58.7 1470s
  1852  1630 8863759.06   66  727 8866422.13 8863759.06  0.03%  58.4 1475s
H 1166   805                    2.274441e+07 2.2220e+07  2.31%   122 1625s
  1866  1640 8863832.89  118  661 8866422.13 8863832.89  0.03%  57.9 1482s
  1872  1645 8863832.89   66 1428 8866422.13 8863832.89  0.03%  63.5 1485s
  1883  1652 8863832.89   39  538 8866422.13 8863832.89  0.03%  63.2 1490s
  1895  1660 8863906.51  176  589 8866422.13 8863887.83  0.03%  62.8 1495s
  1904  1666 8863920.57  100  604 8866422.13 8863920.57  0.03%  62.5 1500s
  1912  1674 8864029.89  133  562 8866422.13 8864029.89  0.03%  67.5 1508s
  1914  1674 8864126.96  134  540 8866422.13 8864126.96  0.03%  67.4 1511s
H 1946  1594                    8866343.9925 8864226.83  0.02%  66.7 1512s
  2051  1616 8865123.03  144  520 8866343.99 8864256.43  0.02%  64.2 1515s
  2670  1680 8865249.96  147  365 8866343.99 8864835.78  0.02%  53.3 1520s
  3490  1697 8866133.33  153  310 8866343.99 8865084.37  0.01%  44.7 1525s
  4580  1564     cutoff  158      8866343.99 8865338.83  0.01%  38.6 1530s

Cutting planes:
  Gomory: 186
  Cover: 912
  Clique: 397
  MIR: 480
  StrongCG: 1
  Flow cover: 360
  Zero half: 196

Explored 5547 nodes (247889 simplex iterations) in 1534.89 seconds
Thread count was 8 (of 8 available processors)

Solution count 8: 8.86634e+06 8.86642e+06 8.86701e+06 ... 1.61374e+08
Pool objective bound 8.86549e+06

Optimal solution found (tolerance 1.00e-04)
Best objective 8.866343992508e+06, best bound 8.865491750308e+06, gap 0.0096%
  1168   806 2.2220e+07   51 2537 2.2744e+07 2.2220e+07  2.31%   122 1697s
  1169   807 2.2657e+07   10 2803 2.2744e+07 2.2220e+07  2.31%   122 1722s
  1170   807 2.2220e+07   59 3054 2.2744e+07 2.2220e+07  2.31%   122 1740s
  1171   808 2.2744e+07   81 3369 2.2744e+07 2.2220e+07  2.31%   122 1763s
  1172   809 2.2292e+07   14 3476 2.2744e+07 2.2220e+07  2.31%   122 1785s
  1173   809 2.2744e+07   59 3730 2.2744e+07 2.2220e+07  2.31%   121 1809s
  1174   810 2.2744e+07   63 3765 2.2744e+07 2.2220e+07  2.31%   121 1830s
  1175   811 2.2481e+07   12 3769 2.2744e+07 2.2220e+07  2.31%   121 1853s
  1176   811 2.2744e+07   97 3798 2.2744e+07 2.2220e+07  2.31%   121 1875s
  1177   812 2.2744e+07   94 3926 2.2744e+07 2.2220e+07  2.31%   121 1891s

Gurobi 7.0.2 (win64, Python) logging started 09/01/17 21:18:28

Optimize a model with 100 rows, 1275 columns and 3775 nonzeros
Variable types: 0 continuous, 1275 integer (1275 binary)
Coefficient statistics:
  Matrix range     [1e+00, 1e+04]
  Objective range  [8e+03, 1e+06]
  Bounds range     [1e+00, 1e+00]
  RHS range        [1e+00, 6e+04]
Found heuristic solution: objective 8.51694e+06
Presolve removed 40 rows and 702 columns
Presolve time: 0.01s
Presolved: 60 rows, 573 columns, 1088 nonzeros
Variable types: 0 continuous, 573 integer (573 binary)

Root relaxation: objective 3.250235e+06, 53 iterations, 0.00 seconds

    Nodes    |    Current Node    |     Objective Bounds      |     Work
 Expl Unexpl |  Obj  Depth IntInf | Incumbent    BestBd   Gap | It/Node Time

     0     0 3250235.28    0    5 8516944.78 3250235.28  61.8%     -    0s
H    0     0                    3276471.4003 3250235.28  0.80%     -    0s
H    0     0                    3269821.3205 3250235.28  0.60%     -    0s
     0     0 3266086.45    0    1 3269821.32 3266086.45  0.11%     -    0s
     0     0 3266086.45    0    1 3269821.32 3266086.45  0.11%     -    0s

Cutting planes:
  Cover: 2

Explored 0 nodes (59 simplex iterations) in 0.10 seconds
Thread count was 8 (of 8 available processors)

Solution count 3: 3.26982e+06 3.27647e+06 8.51694e+06 
Pool objective bound 3.26982e+06

Optimal solution found (tolerance 1.00e-04)
Best objective 3.269821320531e+06, best bound 3.269821320531e+06, gap 0.0000%
  1178   813 2.2698e+07   24 4303 2.2744e+07 2.2220e+07  2.31%   121 1909s
  1179   813 2.2220e+07   16 3527 2.2744e+07 2.2220e+07  2.31%   121 1925s
  1180   814 2.2744e+07   84 3916 2.2744e+07 2.2220e+07  2.31%   121 1939s
  1181   815 2.2606e+07   24 3844 2.2744e+07 2.2220e+07  2.31%   121 1955s
  1182   815 2.2665e+07   79 4046 2.2744e+07 2.2220e+07  2.31%   120 1975s
  1183   816 2.2220e+07   73 4285 2.2744e+07 2.2220e+07  2.31%   120 1996s
  1184   817 2.2744e+07   75 3701 2.2744e+07 2.2220e+07  2.31%   120 2015s
  1185   817 2.2220e+07   36 3893 2.2744e+07 2.2220e+07  2.31%   120 2036s
  1186   818 2.2444e+07   11 3543 2.2744e+07 2.2220e+07  2.31%   120 2054s
  1187   819 2.2744e+07  121 3485 2.2744e+07 2.2220e+07  2.31%   120 2076s
  1188   819 2.2220e+07   51 2525 2.2744e+07 2.2220e+07  2.31%   120 2088s
  1189   820 2.2657e+07   10 2486 2.2744e+07 2.2220e+07  2.31%   120 2103s
  1190   821 2.2220e+07   59 3403 2.2744e+07 2.2220e+07  2.31%   120 2115s
  1191   821 2.2744e+07   81 2323 2.2744e+07 2.2220e+07  2.31%   120 2131s
  1192   822 2.2292e+07   14 1781 2.2744e+07 2.2220e+07  2.31%   119 2140s
  1193   823 2.2744e+07   59 2162 2.2744e+07 2.2220e+07  2.31%   119 2148s
  1195   824 2.2481e+07   12 2124 2.2744e+07 2.2220e+07  2.31%   119 2154s
  1197   825 2.2744e+07   94 1435 2.2744e+07 2.2220e+07  2.31%   119 2159s
  1198   826 2.2698e+07   24 2565 2.2744e+07 2.2220e+07  2.31%   119 2160s
  1199   827 2.2220e+07   16 1464 2.2744e+07 2.2220e+07  2.31%   119 2167s
  1201   828 2.2606e+07   24 1605 2.2744e+07 2.2220e+07  2.31%   119 2172s
H 1203   789                    2.273212e+07 2.2220e+07  2.25%   136 2214s
  1204   791 2.2220e+07   23 1381 2.2732e+07 2.2220e+07  2.25%   136 2220s
  1206   793 2.2223e+07   24 1992 2.2732e+07 2.2220e+07  2.25%   136 2237s
  1210   794 2.2223e+07   25 1898 2.2732e+07 2.2222e+07  2.25%   139 2244s
  1214   793 2.2383e+07   25 2031 2.2732e+07 2.2222e+07  2.25%   141 2260s
  1218   795 2.2224e+07   26 2430 2.2732e+07 2.2222e+07  2.25%   142 2265s
  1222   796 2.2224e+07   27 2393 2.2732e+07 2.2222e+07  2.25%   142 2271s
  1226   795     cutoff   27      2.2732e+07 2.2222e+07  2.24%   143 2286s
  1233   796 2.2722e+07   28 2765 2.2732e+07 2.2222e+07  2.24%   148 2299s
  1239   798 2.2239e+07   29 3105 2.2732e+07 2.2223e+07  2.24%   149 2311s
  1245   799 2.2252e+07   29 4258 2.2732e+07 2.2235e+07  2.19%   151 2325s
  1252   800 2.2239e+07   30 3059 2.2732e+07 2.2236e+07  2.18%   152 2337s
  1262   805 2.2239e+07   31 3199 2.2732e+07 2.2236e+07  2.18%   155 2348s
  1272   803 2.2239e+07   32 3148 2.2732e+07 2.2236e+07  2.18%   157 2356s
  1283   806 2.2240e+07   33 3140 2.2732e+07 2.2236e+07  2.18%   159 2363s
  1297   806 2.2241e+07   34 3088 2.2732e+07 2.2236e+07  2.18%   159 2368s
  1314   810     cutoff   36      2.2732e+07 2.2236e+07  2.18%   158 2374s
  1336   811 2.2242e+07   39 3078 2.2732e+07 2.2238e+07  2.18%   157 2385s
  1359   818     cutoff   42      2.2732e+07 2.2238e+07  2.18%   158 2395s
  1386   813     cutoff   46      2.2732e+07 2.2238e+07  2.18%   159 2410s
  1410   822 2.2244e+07   48 2756 2.2732e+07 2.2238e+07  2.18%   162 2416s
  1442   831 2.2244e+07   49 2782 2.2732e+07 2.2238e+07  2.18%   160 2427s
  1461   835 2.2245e+07   50 2796 2.2732e+07 2.2238e+07  2.18%   163 2442s
  1471   842 2.2245e+07   51 2873 2.2732e+07 2.2238e+07  2.18%   169 2456s
  1485   845 2.2245e+07   52 2795 2.2732e+07 2.2238e+07  2.18%   174 2473s
  1508   863 2.2246e+07   53 2895 2.2732e+07 2.2238e+07  2.18%   178 2487s
  1524   858 2.2246e+07   54 2749 2.2732e+07 2.2238e+07  2.18%   184 2504s
  1548   870 2.2246e+07   56 2714 2.2732e+07 2.2238e+07  2.18%   188 2517s
  1561   873 2.2247e+07   58 2791 2.2732e+07 2.2238e+07  2.18%   192 2528s
  1577   879 2.2264e+07   59 1846 2.2732e+07 2.2238e+07  2.18%   196 2541s
  1596   887 2.2266e+07   61 1845 2.2732e+07 2.2238e+07  2.18%   200 2557s
H 1622   855                    2.273158e+07 2.2238e+07  2.17%   205 2637s
H 1623   816                    2.273121e+07 2.2238e+07  2.17%   205 2637s
  1626   817 2.2658e+07   62 1022 2.2731e+07 2.2238e+07  2.17%   206 2652s
  1645   821 2.2266e+07   63 1845 2.2731e+07 2.2238e+07  2.17%   209 2665s
  1657   818 2.2266e+07   64 1783 2.2731e+07 2.2238e+07  2.17%   213 2678s
  1690   826 2.2268e+07   65 1796 2.2731e+07 2.2238e+07  2.17%   215 2691s
  1729   833 2.2270e+07   66 2220 2.2731e+07 2.2238e+07  2.17%   216 2704s
  1746   829 2.2271e+07   67 2220 2.2731e+07 2.2238e+07  2.17%   220 2717s
  1769   832     cutoff   68      2.2731e+07 2.2238e+07  2.17%   224 2734s
  1812   839 2.2273e+07   70 2137 2.2731e+07 2.2238e+07  2.17%   224 2753s
  1859   851 2.2274e+07   71 2127 2.2731e+07 2.2238e+07  2.17%   224 2770s
  1910   850 2.2275e+07   72 2098 2.2731e+07 2.2238e+07  2.17%   225 2791s
  1959   861 2.2690e+07   74 1109 2.2731e+07 2.2238e+07  2.17%   227 2810s
  2009   878 2.2713e+07   76  937 2.2731e+07 2.2238e+07  2.17%   227 2830s
  2083   901 2.2284e+07   81 2068 2.2731e+07 2.2238e+07  2.17%   224 2846s
  2147   925 2.2286e+07   83 2005 2.2731e+07 2.2238e+07  2.17%   223 2866s
  2225   946 2.2288e+07   86 2116 2.2731e+07 2.2238e+07  2.17%   222 2881s
  2295   980 2.2290e+07   88 2100 2.2731e+07 2.2238e+07  2.17%   221 2898s
  2386   996 2.2297e+07   93 1832 2.2731e+07 2.2238e+07  2.17%   217 2919s
  2436   999 2.2302e+07   95 1820 2.2731e+07 2.2238e+07  2.17%   220 2941s
  2574   961 2.2339e+07   99 1751 2.2731e+07 2.2238e+07  2.17%   213 2962s
  2692   954     cutoff  116      2.2731e+07 2.2239e+07  2.16%   209 2996s
  2902   960 2.2566e+07   44 1492 2.2731e+07 2.2240e+07  2.16%   200 3009s
  2937   959     cutoff   50      2.2731e+07 2.2240e+07  2.16%   199 3034s
  3020   936 2.2486e+07   30  816 2.2731e+07 2.2243e+07  2.15%   195 3035s
  3109   963 2.2263e+07   45 3063 2.2731e+07 2.2243e+07  2.15%   193 3056s
H 3198   912                    2.272876e+07 2.2243e+07  2.14%   189 3056s
  3320   975 2.2326e+07   65 2053 2.2729e+07 2.2245e+07  2.13%   185 3085s
  3470  1044 2.2440e+07   45 2215 2.2729e+07 2.2247e+07  2.12%   183 3115s
H 3573  1078                    2.272707e+07 2.2247e+07  2.11%   179 3115s
H 3573  1074                    2.272519e+07 2.2247e+07  2.11%   179 3115s
  3740  1112 2.2569e+07   49 1364 2.2725e+07 2.2247e+07  2.10%   174 3142s
  3900  1218 2.2272e+07   63 2767 2.2725e+07 2.2248e+07  2.10%   171 3167s
  4009  1282 2.2396e+07   87 1775 2.2725e+07 2.2249e+07  2.09%   171 3202s
  4204  1357 2.2709e+07   53 1066 2.2725e+07 2.2249e+07  2.09%   167 3235s
  4361  1445 2.2654e+07   57 1061 2.2725e+07 2.2252e+07  2.08%   167 3272s
  4550  1536 2.2319e+07   69 1329 2.2725e+07 2.2253e+07  2.08%   165 3309s
  4754  1681     cutoff   64      2.2725e+07 2.2253e+07  2.08%   163 3342s
  4979  1774 2.2531e+07   93  834 2.2725e+07 2.2254e+07  2.07%   160 3381s
  5088  1792 2.2704e+07   62  389 2.2725e+07 2.2256e+07  2.06%   162 3424s
  5284  1899     cutoff   67      2.2725e+07 2.2258e+07  2.06%   161 3461s
  5398  1904 2.2585e+07   36 1497 2.2725e+07 2.2262e+07  2.04%   163 3500s
  5579  1996 2.2630e+07   62 1181 2.2725e+07 2.2263e+07  2.03%   162 3541s
  5766  2044 2.2295e+07   82 1162 2.2725e+07 2.2266e+07  2.02%   162 3585s
  5978  2168 2.2549e+07  108  589 2.2725e+07 2.2267e+07  2.02%   161 3626s
  6134  2175 2.2355e+07   99  901 2.2725e+07 2.2270e+07  2.00%   163 3669s
  6372  2271 2.2456e+07  112 1385 2.2725e+07 2.2272e+07  1.99%   161 3717s
  6601  2316     cutoff   34      2.2725e+07 2.2275e+07  1.98%   161 3761s
  6706  2349 2.2660e+07  106 1040 2.2725e+07 2.2280e+07  1.96%   163 3813s
  6845  2385 2.2562e+07   68  665 2.2725e+07 2.2281e+07  1.95%   166 3864s
  7092  2508 2.2721e+07   59 1001 2.2725e+07 2.2287e+07  1.93%   166 3916s
  7254  2552     cutoff   79      2.2725e+07 2.2291e+07  1.91%   167 3972s
  7522  2684     cutoff  106      2.2725e+07 2.2295e+07  1.89%   166 4027s
  7793  2755 2.2706e+07  116 1223 2.2725e+07 2.2300e+07  1.87%   166 4087s
  8069  2865 2.2619e+07  115  743 2.2725e+07 2.2305e+07  1.85%   165 4150s
  8429  3028 2.2423e+07   34  974 2.2725e+07 2.2311e+07  1.82%   164 4217s
  8729  3160     cutoff  140      2.2725e+07 2.2317e+07  1.80%   164 4286s
  9084  3372 2.2442e+07   55 1054 2.2725e+07 2.2320e+07  1.78%   162 4359s
  9574  3611     cutoff  158      2.2725e+07 2.2325e+07  1.76%   159 4433s
 10111  3759 2.2597e+07   90  501 2.2725e+07 2.2332e+07  1.73%   156 4508s
 10469  3892     cutoff  101      2.2725e+07 2.2340e+07  1.70%   155 4590s
 10927  4049     cutoff   39      2.2725e+07 2.2348e+07  1.66%   154 4669s
 11491  4191 2.2472e+07   42 1156 2.2725e+07 2.2355e+07  1.63%   150 4747s
 11959  4341     cutoff   69      2.2725e+07 2.2363e+07  1.59%   149 4814s
 12368  4511 2.2563e+07   63 1080 2.2725e+07 2.2373e+07  1.55%   147 4900s
 12856  4714 2.2526e+07   38  960 2.2725e+07 2.2384e+07  1.50%   146 4998s
 13446  4875 2.2592e+07   57  952 2.2725e+07 2.2387e+07  1.49%   143 5088s
 14116  5175 2.2560e+07   37  713 2.2725e+07 2.2393e+07  1.46%   140 5163s
 14558  5270 2.2678e+07  260  907 2.2725e+07 2.2400e+07  1.43%   139 5230s
 15034  5335     cutoff   36      2.2725e+07 2.2413e+07  1.38%   138 5308s
 15545  5477     cutoff   43      2.2725e+07 2.2423e+07  1.33%   136 5390s
 16132  5707 2.2638e+07   40 1340 2.2725e+07 2.2428e+07  1.31%   135 5462s
 16539  5828     cutoff   42      2.2725e+07 2.2433e+07  1.29%   134 5574s
H16541  5804                    2.272427e+07 2.2433e+07  1.28%   134 5574s
 16585  5802     cutoff   31      2.2724e+07 2.2433e+07  1.28%   134 5727s
H16630  5811                    2.272411e+07 2.2433e+07  1.28%   135 5727s
 16631  5774     cutoff   32      2.2724e+07 2.2433e+07  1.28%   135 5772s
 16842  5771     cutoff   48      2.2724e+07 2.2433e+07  1.28%   134 5847s
 17439  5927     cutoff   41      2.2724e+07 2.2443e+07  1.24%   132 5895s
 17771  5908 2.2605e+07   43 1017 2.2724e+07 2.2449e+07  1.21%   132 5938s
 18061  5915     cutoff   46      2.2724e+07 2.2460e+07  1.16%   131 5984s
 18465  5940     cutoff   89      2.2724e+07 2.2465e+07  1.14%   130 6017s
 18655  5906     cutoff   76      2.2724e+07 2.2472e+07  1.11%   130 6073s
 19154  5950     cutoff   48      2.2724e+07 2.2478e+07  1.08%   128 6129s
 19492  5987     cutoff  169      2.2724e+07 2.2484e+07  1.06%   127 6130s
 19654  5953 2.2652e+07  333  525 2.2724e+07 2.2484e+07  1.06%   127 6162s
 19836  5902     cutoff   56      2.2724e+07 2.2490e+07  1.03%   127 6194s
 20015  5855     cutoff  121      2.2724e+07 2.2497e+07  1.00%   127 6251s
 20545  5940     cutoff   66      2.2724e+07 2.2503e+07  0.97%   125 6296s
 20940  6000     cutoff   52      2.2724e+07 2.2508e+07  0.95%   124 7303s
 21115  5948     cutoff   67      2.2724e+07 2.2513e+07  0.93%   124 7338s
 21351  5896 2.2526e+07   62  199 2.2724e+07 2.2518e+07  0.91%   123 7375s
 21568  5872     cutoff   37      2.2724e+07 2.2522e+07  0.89%   123 7403s
 21800  5819     cutoff   99      2.2724e+07 2.2526e+07  0.87%   123 7437s
 22036  5782     cutoff   70      2.2724e+07 2.2530e+07  0.85%   123 7463s
 22202  5717     cutoff  108      2.2724e+07 2.2534e+07  0.84%   122 7494s
 22422  5665     cutoff   55      2.2724e+07 2.2538e+07  0.82%   122 7532s
 22681  5634     cutoff   57      2.2724e+07 2.2542e+07  0.80%   122 7568s
 22898  5587     cutoff   47      2.2724e+07 2.2546e+07  0.78%   122 7601s
 23085  5534     cutoff   68      2.2724e+07 2.2550e+07  0.77%   122 7634s
 23286  5488     cutoff   54      2.2724e+07 2.2553e+07  0.75%   122 7659s
 23443  5427     cutoff   76      2.2724e+07 2.2557e+07  0.74%   122 7675s
 23554  5351     cutoff   77      2.2724e+07 2.2560e+07  0.72%   121 7700s
 23761  5284     cutoff   74      2.2724e+07 2.2563e+07  0.71%   121 7731s
 23996  5267     cutoff   55      2.2724e+07 2.2566e+07  0.69%   121 7750s
 24119  5191     cutoff   57      2.2724e+07 2.2570e+07  0.68%   121 7773s
 24297  5142     cutoff  336      2.2724e+07 2.2573e+07  0.66%   121 7810s
 24571  5110 2.2643e+07  105  903 2.2724e+07 2.2576e+07  0.65%   120 7850s
 24770  5072     cutoff   45      2.2724e+07 2.2579e+07  0.64%   120 7883s
 24960  5011 2.2622e+07  134 2219 2.2724e+07 2.2582e+07  0.63%   120 7914s
 25130  4943     cutoff   67      2.2724e+07 2.2586e+07  0.61%   120 7922s
 25232  4863     cutoff   74      2.2724e+07 2.2588e+07  0.60%   120 7941s
 25434  4806     cutoff   53      2.2724e+07 2.2591e+07  0.58%   119 7962s
 25565  4741     cutoff   57      2.2724e+07 2.2594e+07  0.57%   119 7991s
 25684  4658 2.2644e+07   55 1376 2.2724e+07 2.2597e+07  0.56%   119 8017s
 25883  4611     cutoff   53      2.2724e+07 2.2600e+07  0.55%   119 8033s
 26010  4541     cutoff   95      2.2724e+07 2.2603e+07  0.53%   119 8048s
 26168  4469     cutoff   38      2.2724e+07 2.2605e+07  0.52%   118 8069s
 26370  4431 2.2654e+07   44  376 2.2724e+07 2.2608e+07  0.51%   118 8088s
 26502  4358     cutoff   43      2.2724e+07 2.2611e+07  0.50%   118 8109s
 26703  4313     cutoff  100      2.2724e+07 2.2613e+07  0.49%   117 8125s
 26851  4251     cutoff   63      2.2724e+07 2.2615e+07  0.48%   117 8140s
 26978  4175     cutoff   72      2.2724e+07 2.2618e+07  0.47%   117 8161s
 27128  4100     cutoff   83      2.2724e+07 2.2620e+07  0.46%   117 8173s
 27257  4020     cutoff   75      2.2724e+07 2.2622e+07  0.45%   117 8185s
 27398  3945     cutoff   68      2.2724e+07 2.2625e+07  0.44%   116 8201s
 27586  3868     cutoff   71      2.2724e+07 2.2627e+07  0.43%   116 8212s
 27705  3785     cutoff  123      2.2724e+07 2.2629e+07  0.42%   116 8229s
 27903  3723     cutoff  128      2.2724e+07 2.2631e+07  0.41%   115 8243s
 28065  3647     cutoff  119      2.2724e+07 2.2633e+07  0.40%   115 8250s
 28158  3563     cutoff   54      2.2724e+07 2.2636e+07  0.39%   115 8262s
 28273  3483     cutoff   82      2.2724e+07 2.2638e+07  0.38%   115 8274s
 28370  3402     cutoff   73      2.2724e+07 2.2639e+07  0.37%   115 8289s
 28533  3336     cutoff   69      2.2724e+07 2.2641e+07  0.36%   114 8296s
 28627  3252     cutoff   62      2.2724e+07 2.2643e+07  0.36%   114 8312s
 28777  3184     cutoff   80      2.2724e+07 2.2645e+07  0.35%   114 8326s
 28919  3114     cutoff   49      2.2724e+07 2.2647e+07  0.34%   114 8336s
 29011  3030     cutoff  116      2.2724e+07 2.2649e+07  0.33%   114 8343s
 29115  2949     cutoff  117      2.2724e+07 2.2651e+07  0.32%   113 8351s
 29221  2866     cutoff  100      2.2724e+07 2.2653e+07  0.31%   113 8358s
 29340  2786     cutoff   45      2.2724e+07 2.2655e+07  0.31%   113 8366s
 29443  2705     cutoff   82      2.2724e+07 2.2656e+07  0.30%   113 8373s
 29529  2621     cutoff   62      2.2724e+07 2.2658e+07  0.29%   113 8379s
 29615  2537     cutoff   44      2.2724e+07 2.2660e+07  0.28%   112 8388s
 29717  2454     cutoff   64      2.2724e+07 2.2662e+07  0.27%   112 8400s
 29886  2379     cutoff   55      2.2724e+07 2.2663e+07  0.27%   112 8408s
 29993  2300     cutoff   83      2.2724e+07 2.2665e+07  0.26%   111 8414s
 30111  2219     cutoff   84      2.2724e+07 2.2667e+07  0.25%   111 8417s
 30195  2135     cutoff   60      2.2724e+07 2.2669e+07  0.24%   111 8429s
 30290  2051     cutoff   80      2.2724e+07 2.2671e+07  0.24%   111 8439s
 30395  1971     cutoff   99      2.2724e+07 2.2673e+07  0.23%   111 8446s
 30582  1806     cutoff   79      2.2724e+07 2.2677e+07  0.21%   110 8452s
 30666  1722     cutoff   58      2.2724e+07 2.2679e+07  0.20%   110 8457s
 30785  1641     cutoff   63      2.2724e+07 2.2681e+07  0.19%   110 8465s
 30891  1560     cutoff   84      2.2724e+07 2.2683e+07  0.18%   109 8470s
 30992  1479     cutoff   72      2.2724e+07 2.2685e+07  0.17%   109 8477s
 31089  1400     cutoff  102      2.2724e+07 2.2687e+07  0.16%   109 8480s
 31272  1233     cutoff   58      2.2724e+07 2.2691e+07  0.15%   108 8486s
 31443  1065     cutoff   66      2.2724e+07 2.2695e+07  0.13%   108 8491s
 31616   897     cutoff   86      2.2724e+07 2.2698e+07  0.11%   107 8496s
 31784   729     cutoff   46      2.2724e+07 2.2702e+07  0.10%   107 8500s
 32048   477     cutoff   70      2.2724e+07 2.2708e+07  0.07%   106 8506s
 32386   141     cutoff   61      2.2724e+07 2.2717e+07  0.03%   105 8511s

Cutting planes:
  Gomory: 36
  Cover: 1621
  Clique: 3781
  MIR: 344
  Flow cover: 345
  Zero half: 6

Explored 32554 nodes (3431261 simplex iterations) in 8512.47 seconds
Thread count was 8 (of 8 available processors)

Solution count 10: 2.27241e+07 2.27243e+07 2.27252e+07 ... 2.27677e+07
Pool objective bound 2.27219e+07

Optimal solution found (tolerance 1.00e-04)
Best objective 2.272410827509e+07, best bound 2.272185441486e+07, gap 0.0099%

Gurobi 7.0.2 (win64, Python) logging started 09/01/17 23:24:41


Gurobi 7.0.2 (win64, Python) logging started 09/01/17 23:24:54

Optimize a model with 100 rows, 1275 columns and 3775 nonzeros
Variable types: 0 continuous, 1275 integer (1275 binary)
Coefficient statistics:
  Matrix range     [1e+00, 1e+04]
  Objective range  [8e+03, 1e+06]
  Bounds range     [1e+00, 1e+00]
  RHS range        [1e+00, 6e+04]
Found heuristic solution: objective 8.51694e+06
Presolve removed 40 rows and 702 columns
Presolve time: 0.00s
Presolved: 60 rows, 573 columns, 1088 nonzeros
Variable types: 0 continuous, 573 integer (573 binary)

Root relaxation: objective 3.250235e+06, 53 iterations, 0.00 seconds

    Nodes    |    Current Node    |     Objective Bounds      |     Work
 Expl Unexpl |  Obj  Depth IntInf | Incumbent    BestBd   Gap | It/Node Time

     0     0 3250235.28    0    5 8516944.78 3250235.28  61.8%     -    0s
H    0     0                    3276471.4003 3250235.28  0.80%     -    0s
H    0     0                    3269821.3205 3250235.28  0.60%     -    0s
     0     0 3266086.45    0    1 3269821.32 3266086.45  0.11%     -    0s
     0     0 3266086.45    0    1 3269821.32 3266086.45  0.11%     -    0s

Cutting planes:
  Cover: 2

Explored 0 nodes (59 simplex iterations) in 0.02 seconds
Thread count was 8 (of 8 available processors)

Solution count 3: 3.26982e+06 3.27647e+06 8.51694e+06 
Pool objective bound 3.26982e+06

Optimal solution found (tolerance 1.00e-04)
Best objective 3.269821320531e+06, best bound 3.269821320531e+06, gap 0.0000%

Gurobi 7.0.2 (win64, Python) logging started 09/01/17 23:25:53

Optimize a model with 100 rows, 1275 columns and 3775 nonzeros
Variable types: 0 continuous, 1275 integer (1275 binary)
Coefficient statistics:
  Matrix range     [1e+00, 1e+04]
  Objective range  [8e+03, 1e+06]
  Bounds range     [1e+00, 1e+00]
  RHS range        [1e+00, 6e+04]
Found heuristic solution: objective 8.51694e+06
Presolve removed 40 rows and 702 columns
Presolve time: 0.01s
Presolved: 60 rows, 573 columns, 1088 nonzeros
Variable types: 0 continuous, 573 integer (573 binary)

Root relaxation: objective 3.250235e+06, 53 iterations, 0.00 seconds

    Nodes    |    Current Node    |     Objective Bounds      |     Work
 Expl Unexpl |  Obj  Depth IntInf | Incumbent    BestBd   Gap | It/Node Time

     0     0 3250235.28    0    5 8516944.78 3250235.28  61.8%     -    0s
H    0     0                    3276471.4003 3250235.28  0.80%     -    0s
H    0     0                    3269821.3205 3250235.28  0.60%     -    0s
     0     0 3266086.45    0    1 3269821.32 3266086.45  0.11%     -    0s
     0     0 3266086.45    0    1 3269821.32 3266086.45  0.11%     -    0s

Cutting planes:
  Cover: 2

Explored 0 nodes (59 simplex iterations) in 0.03 seconds
Thread count was 8 (of 8 available processors)

Solution count 3: 3.26982e+06 3.27647e+06 8.51694e+06 
Pool objective bound 3.26982e+06

Optimal solution found (tolerance 1.00e-04)
Best objective 3.269821320531e+06, best bound 3.269821320531e+06, gap 0.0000%

Gurobi 7.0.2 (win64, Python) logging started 09/01/17 23:27:48

Optimize a model with 100 rows, 1275 columns and 3775 nonzeros
Variable types: 0 continuous, 1275 integer (1275 binary)
Coefficient statistics:
  Matrix range     [1e+00, 1e+04]
  Objective range  [8e+03, 1e+06]
  Bounds range     [1e+00, 1e+00]
  RHS range        [1e+00, 6e+04]
Found heuristic solution: objective 8.51694e+06
Presolve removed 40 rows and 702 columns
Presolve time: 0.00s
Presolved: 60 rows, 573 columns, 1088 nonzeros
Variable types: 0 continuous, 573 integer (573 binary)

Root relaxation: objective 3.250235e+06, 53 iterations, 0.00 seconds

    Nodes    |    Current Node    |     Objective Bounds      |     Work
 Expl Unexpl |  Obj  Depth IntInf | Incumbent    BestBd   Gap | It/Node Time

     0     0 3250235.28    0    5 8516944.78 3250235.28  61.8%     -    0s
H    0     0                    3276471.4003 3250235.28  0.80%     -    0s
H    0     0                    3269821.3205 3250235.28  0.60%     -    0s
     0     0 3266086.45    0    1 3269821.32 3266086.45  0.11%     -    0s
     0     0 3266086.45    0    1 3269821.32 3266086.45  0.11%     -    0s

Cutting planes:
  Cover: 2

Explored 0 nodes (59 simplex iterations) in 0.03 seconds
Thread count was 8 (of 8 available processors)

Solution count 3: 3.26982e+06 3.27647e+06 8.51694e+06 
Pool objective bound 3.26982e+06

Optimal solution found (tolerance 1.00e-04)
Best objective 3.269821320531e+06, best bound 3.269821320531e+06, gap 0.0000%
